
Showing logs for build [32mcb-kubecd-environment-pr-1512-1-wlkbr-1[0m stage [32mfrom-build-pack[0m and container [32mstep-credential-initializer-vfczf[0m
{"level":"info","ts":1591024348.2527125,"logger":"fallback-logger","caller":"logging/config.go:69","msg":"Fetch GitHub commit ID from kodata failed: open /var/run/ko/refs/heads/0.8.0-ns-support: no such file or directory"}
{"level":"info","ts":1591024348.253497,"logger":"fallback-logger","caller":"creds-init/main.go:40","msg":"Credentials initialized."}

Showing logs for build [32mcb-kubecd-environment-pr-1512-1-wlkbr-1[0m stage [32mfrom-build-pack[0m and container [32mstep-working-dir-initializer-kvttx[0m
{"level":"info","ts":1591024349.0379097,"logger":"fallback-logger","caller":"logging/config.go:69","msg":"Fetch GitHub commit ID from kodata failed: open /var/run/ko/HEAD: no such file or directory"}
{"level":"info","ts":1591024349.040034,"logger":"fallback-logger","caller":"bash/main.go:64","msg":"Successfully executed command \"sh -c mkdir -p /workspace/source\"; output "}

Showing logs for build [32mcb-kubecd-environment-pr-1512-1-wlkbr-1[0m stage [32mfrom-build-pack[0m and container [32mstep-place-tools[0m

Showing logs for build [32mcb-kubecd-environment-pr-1512-1-wlkbr-1[0m stage [32mfrom-build-pack[0m and container [32mstep-git-source-cb-kubecd-environment-pr-1512-1-wlkbr-hphnt[0m
{"level":"info","ts":1591024353.15446,"logger":"fallback-logger","caller":"logging/config.go:69","msg":"Fetch GitHub commit ID from kodata failed: open /var/run/ko/refs/heads/0.8.0-ns-support: no such file or directory"}
{"level":"info","ts":1591024354.2218606,"logger":"fallback-logger","caller":"git/git.go:103","msg":"Successfully cloned https://github.com/cb-kubecd/environment-pr-1512-17-bdd-frontend-staging.git @ master in path /workspace/source"}

Showing logs for build [32mcb-kubecd-environment-pr-1512-1-wlkbr-1[0m stage [32mfrom-build-pack[0m and container [32mstep-git-merge[0m
Using SHAs from PULL_REFS=master:712bfbeeddcf67ce8426b2c744b5bd060e9589ea,1:66f42f3af41532f62219bdef54fdc97669d8f9aa
DEBUG: LC_ALL=C JX_LOG_LEVEL=error git fetch origin --unshallow 66f42f3af41532f62219bdef54fdc97669d8f9aa: 712bfbeeddcf67ce8426b2c744b5bd060e9589ea:
DEBUG: ran git fetch --unshallow origin 66f42f3af41532f62219bdef54fdc97669d8f9aa: 712bfbeeddcf67ce8426b2c744b5bd060e9589ea: in 
DEBUG: LC_ALL=C JX_LOG_LEVEL=error git branch
DEBUG: LC_ALL=C JX_LOG_LEVEL=error git checkout master
DEBUG: ran git checkout master in 
DEBUG: LC_ALL=C JX_LOG_LEVEL=error git reset --hard 712bfbeeddcf67ce8426b2c744b5bd060e9589ea
DEBUG: ran git reset --hard 712bfbeeddcf67ce8426b2c744b5bd060e9589ea in 
DEBUG: JX_LOG_LEVEL=error LC_ALL=C git clean -fd .
DEBUG: ran clean --force -d . in 
DEBUG: LC_ALL=C JX_LOG_LEVEL=error git merge 66f42f3af41532f62219bdef54fdc97669d8f9aa
DEBUG: ran git merge 66f42f3af41532f62219bdef54fdc97669d8f9aa in 
DEBUG: LC_ALL=C JX_LOG_LEVEL=error git log --format=%H%x1f%an%x1f%ae%x1f%cn%x1f%ce%x1f%s%n%b%x1e 712bfbeeddcf67ce8426b2c744b5bd060e9589ea..HEAD
Merged SHA 66f42f3af41532f62219bdef54fdc97669d8f9aa with commit message 'chore: Promote bdd-nh-1591023351 to version 0.0.1' into base branch master

Showing logs for build [32mcb-kubecd-environment-pr-1512-1-wlkbr-1[0m stage [32mfrom-build-pack[0m and container [32mstep-build-helm-build[0m
WARNING: No $CHART_REPOSITORY defined so using the default value of: http://jenkins-x-chartmuseum:8080
Adding missing Helm repo: storage.googleapis.com https://storage.googleapis.com/chartmuseum.jenkins-x.io
WARNING: No secrets found on "helm/repos" due: reading the secret "helm/repos" from vault: no secret "helm/repos" not found in vault
Read credentials for https://storage.googleapis.com/chartmuseum.jenkins-x.io from vault helm/repos
Successfully added Helm repository storage.googleapis.com.
Adding missing Helm repo: jenkins-x-chartmuseum http://jenkins-x-chartmuseum:8080
WARNING: No secrets found on "helm/repos" due: reading the secret "helm/repos" from vault: no secret "helm/repos" not found in vault
Read credentials for http://jenkins-x-chartmuseum:8080 from vault helm/repos
Successfully added Helm repository jenkins-x-chartmuseum.
WARNING: No $CHART_REPOSITORY defined so using the default value of: http://jenkins-x-chartmuseum:8080
Adding missing Helm repo: chartmuseum.jenkins-x.io http://chartmuseum.jenkins-x.io
WARNING: No secrets found on "helm/repos" due: reading the secret "helm/repos" from vault: no secret "helm/repos" not found in vault
Read credentials for http://chartmuseum.jenkins-x.io from vault helm/repos
Successfully added Helm repository chartmuseum.jenkins-x.io.
